
Rhythm Verification Server
  Model:    us.amazon.nova-2-lite-v1:0
  Region:   us-east-1
  Port:     3001
  Encode:   15fps @ 480px long-edge, preset=ultrafast, crf=30, max 12s
  ffmpeg:   ffmpeg version 8.0.1 Copyright (c) 2000-2025 the FFmpeg developers
  Log file: /Users/williamliu/Documents/GitHub/Rhythm/backend/server.log

  Nova 2 Lite: connected

  Listening on http://0.0.0.0:3001/verify
  Tail logs with: tail -f /Users/williamliu/Documents/GitHub/Rhythm/backend/server.log


━━━━━━━━━━━━━━━━━━━━━━━━━━━━━━━━━━━━━━━━━━━━━━━━━━━━━━━━━━━━━━━━━━━━━━━━━━━━━━
▶ 18:04:19 POST /verify  id=9eb36815
  routine: hydrate
  sponsor: Liquid Death
  wallet:  LogTest...
  location: (none)
  payload: 2.00 MB base64, read in 2ms
  video:   1.50 MB decoded (1,570,024 bytes)
  Calling Nova 2 Lite (us.amazon.nova-2-lite-v1:0)...
  Encode: input  480x270 · 30.0fps · 30.5s · h264 · 411kbps (1.50 MB)
  Encode: output 480x270 · 15.0fps · 12.0s · h264 · 116kbps (170.8 KB, 11.1% of input) in 53ms

  ── Nova raw response ──
  stopReason:  end_turn
  tokens:      in=2443  out=91  total=2534
  bedrock latencyMs: 1315
  judgment (parsed from Nova output):
    {
      "verified": false,
      "confidence": 0.0,
      "product_visible": false,
      "product_in_use": false,
      "routine_completed": false,
      "appears_genuine": false,
      "reason": "The video shows a rotating Earth at night with no visible person, product, or hydration activity.",
      "short_reason": "no person or product visible"
    }

  ── Policy ──
  sponsored:   True   confidence: 0.00   verified(model): False
  × Confidence 0.00 below 0.70
  × Sponsor product not visible
  × Product not actively used
  × Routine not completed
  × Capture does not appear genuine

  ── Timing breakdown ──
  encode:          106 ms
  bedrock:        2800 ms
  read+parse:        2 ms
  other:             4 ms
  total:          2912 ms

  ✗ NOT VERIFIED — no person or product visible (confidence 0.00)
  model reason: The video shows a rotating Earth at night with no visible person, product, or hydration activity.

━━━━━━━━━━━━━━━━━━━━━━━━━━━━━━━━━━━━━━━━━━━━━━━━━━━━━━━━━━━━━━━━━━━━━━━━━━━━━━
▶ 18:05:27 POST /verify  id=98771e85
  routine: hydrate
  sponsor: Liquid Death
  location: (none)
  payload: 17.24 MB base64, read in 9346ms
  video:   12.93 MB decoded (13,560,070 bytes)
  Calling Nova 2 Lite (us.amazon.nova-2-lite-v1:0)...
  Encode: input  1920x1080 · 29.9fps · 6.0s · h264 · 18131kbps (12.93 MB)
  Encode: output 270x480 · 15.0fps · 6.0s · h264 · 506kbps (370.8 KB, 2.8% of input) in 199ms

  ── Nova raw response ──
  stopReason:  end_turn
  tokens:      in=1923  out=81  total=2004
  bedrock latencyMs: 1063
  judgment (parsed from Nova output):
    {
      "verified": false,
      "confidence": 0.3,
      "product_visible": true,
      "product_in_use": false,
      "routine_completed": false,
      "appears_genuine": true,
      "reason": "The product is visible but not being actively used on camera.",
      "short_reason": "no drinking motion seen"
    }

  ── Policy ──
  sponsored:   True   confidence: 0.30   verified(model): False
  × Confidence 0.30 below 0.70
  × Product not actively used
  × Routine not completed

  ── Timing breakdown ──
  encode:          263 ms
  bedrock:        2250 ms
  read+parse:     9346 ms
  other:            25 ms
  total:         11884 ms

  ✗ NOT VERIFIED — no drinking motion seen (confidence 0.30)
  model reason: The product is visible but not being actively used on camera.

━━━━━━━━━━━━━━━━━━━━━━━━━━━━━━━━━━━━━━━━━━━━━━━━━━━━━━━━━━━━━━━━━━━━━━━━━━━━━━
▶ 18:06:20 POST /verify  id=717eb16a
  routine: plug-in-phone
  sponsor: none (unsponsored)
  location: (none)
  payload: 29.01 MB base64, read in 8747ms
  video:   21.76 MB decoded (22,811,884 bytes)
  Calling Nova 2 Lite (us.amazon.nova-2-lite-v1:0)...
  Encode: input  1920x1080 · 29.9fps · 8.6s · h264 · 21162kbps (21.76 MB)
  Encode: output 270x480 · 15.0fps · 8.6s · h264 · 269kbps (283.1 KB, 1.3% of input) in 281ms

  ── Nova raw response ──
  stopReason:  end_turn
  tokens:      in=1917  out=98  total=2015
  bedrock latencyMs: 2194
  judgment (parsed from Nova output):
    {
      "verified": false,
      "confidence": 0.3,
      "product_visible": true,
      "product_in_use": true,
      "routine_completed": false,
      "appears_genuine": true,
      "reason": "The video only shows the insertion of a charging cable, but does not show the phone being plugged in or the charging process.",
      "short_reason": "no phone visible or charging shown"
    }

  ── Policy ──
  sponsored:   False   confidence: 0.30   verified(model): False
  × Confidence 0.30 below 0.70
  × Routine not completed

  ── Timing breakdown ──
  encode:          343 ms
  bedrock:        2861 ms
  read+parse:     8747 ms
  other:            39 ms
  total:         11990 ms

  ✗ NOT VERIFIED — no phone visible or charging shown (confidence 0.30)
  model reason: The video only shows the insertion of a charging cable, but does not show the phone being plugged in or the charging process.

━━━━━━━━━━━━━━━━━━━━━━━━━━━━━━━━━━━━━━━━━━━━━━━━━━━━━━━━━━━━━━━━━━━━━━━━━━━━━━
▶ 18:07:43 POST /verify  id=5e9b9013
  routine: plug-in-phone
  sponsor: none (unsponsored)
  location: (none)
  payload: 31.42 MB base64, read in 27507ms
  video:   23.57 MB decoded (24,712,781 bytes)
  Calling Nova 2 Lite (us.amazon.nova-2-lite-v1:0)...
  Encode: input  1920x1080 · 29.9fps · 10.0s · h264 · 19782kbps (23.57 MB)
  Encode: output 270x480 · 15.0fps · 10.0s · h264 · 354kbps (432.8 KB, 1.8% of input) in 325ms

  ── Nova raw response ──
  stopReason:  end_turn
  tokens:      in=2177  out=81  total=2258
  bedrock latencyMs: 2018
  judgment (parsed from Nova output):
    {
      "verified": true,
      "confidence": 0.9,
      "product_visible": true,
      "product_in_use": true,
      "routine_completed": true,
      "appears_genuine": true,
      "reason": "The video clearly shows the action of plugging in a phone.",
      "short_reason": "routine verified"
    }

  ── Policy ──
  sponsored:   False   confidence: 0.90   verified(model): True
  ✓ all policy checks passed

  ── Timing breakdown ──
  encode:          386 ms
  bedrock:        3252 ms
  read+parse:    27507 ms
  other:            45 ms
  total:         31190 ms

  ✓ VERIFIED — routine verified (confidence 0.90)
  x402 payment_id: x402_30db2bf3a5b2a40e_1778144895

Rhythm Verification Server
  Model:    us.amazon.nova-2-lite-v1:0
  Region:   us-east-1
  Port:     3001
  Encode:   15fps @ 480px long-edge, preset=ultrafast, crf=30, max 30s
  ffmpeg:   ffmpeg version 8.0.1 Copyright (c) 2000-2025 the FFmpeg developers
  Log file: /Users/williamliu/Documents/GitHub/Rhythm/backend/server.log

  Nova 2 Lite: connected

  Listening on http://0.0.0.0:3001/verify
  Tail logs with: tail -f /Users/williamliu/Documents/GitHub/Rhythm/backend/server.log


━━━━━━━━━━━━━━━━━━━━━━━━━━━━━━━━━━━━━━━━━━━━━━━━━━━━━━━━━━━━━━━━━━━━━━━━━━━━━━
▶ 18:16:58 POST /verify  id=36006a1b
  routine: hydrate
  sponsor: Liquid Death
  location: (none)
  payload: 3.70 MB base64, read in 802ms
  video:   2.77 MB decoded (2,906,191 bytes)
  Calling Nova 2 Lite (us.amazon.nova-2-lite-v1:0)...
  Encode: input  1920x1080 · 29.9fps · 1.5s · h264 · 15748kbps (2.77 MB)
  Encode: output 270x480 · 15.0fps · 1.5s · h264 · 400kbps (71.8 KB, 2.5% of input) in 85ms

  ── Nova raw response ──
  stopReason:  end_turn
  tokens:      in=1923  out=92  total=2015
  bedrock latencyMs: 1007
  judgment (parsed from Nova output):
    {
      "verified": false,
      "confidence": 0,
      "product_visible": false,
      "product_in_use": false,
      "routine_completed": false,
      "appears_genuine": false,
      "reason": "The video only shows a close-up of a keyboard and does not depict any hydration activity or the Liquid Death product.",
      "short_reason": "no hydration activity shown"
    }

  ── Policy ──
  sponsored:   True   confidence: 0.00   verified(model): False
  × Confidence 0.00 below 0.70
  × Sponsor product not visible
  × Product not actively used
  × Routine not completed
  × Capture does not appear genuine

  ── Timing breakdown ──
  encode:          143 ms
  bedrock:        1692 ms
  read+parse:      802 ms
  other:             8 ms
  total:          2645 ms

  ✗ NOT VERIFIED — no hydration activity shown (confidence 0.00)
  model reason: The video only shows a close-up of a keyboard and does not depict any hydration activity or the Liquid Death product.

━━━━━━━━━━━━━━━━━━━━━━━━━━━━━━━━━━━━━━━━━━━━━━━━━━━━━━━━━━━━━━━━━━━━━━━━━━━━━━
▶ 18:17:32 POST /verify  id=f21788b8
  routine: hydrate
  sponsor: Liquid Death
  location: (none)
  payload: 18.68 MB base64, read in 12340ms
  video:   14.01 MB decoded (14,687,722 bytes)
  Calling Nova 2 Lite (us.amazon.nova-2-lite-v1:0)...
  Encode: input  1920x1080 · 29.9fps · 5.5s · h264 · 21177kbps (14.01 MB)
  Encode: output 270x480 · 15.0fps · 5.5s · h264 · 165kbps (112.1 KB, 0.8% of input) in 272ms

  ── Nova raw response ──
  stopReason:  end_turn
  tokens:      in=1923  out=99  total=2022
  bedrock latencyMs: 959
  judgment (parsed from Nova output):
    {
      "verified": false,
      "confidence": 0.2,
      "product_visible": false,
      "product_in_use": false,
      "routine_completed": false,
      "appears_genuine": false,
      "reason": "The video is too dark to identify any products or actions clearly, and the expected sponsor product (Liquid Death) is not visible.",
      "short_reason": "video too dark to see action"
    }

  ── Policy ──
  sponsored:   True   confidence: 0.20   verified(model): False
  × Confidence 0.20 below 0.70
  × Sponsor product not visible
  × Product not actively used
  × Routine not completed
  × Capture does not appear genuine

  ── Timing breakdown ──
  encode:          345 ms
  bedrock:        1479 ms
  read+parse:    12340 ms
  other:            29 ms
  total:         14193 ms

  ✗ NOT VERIFIED — video too dark to see action (confidence 0.20)
  model reason: The video is too dark to identify any products or actions clearly, and the expected sponsor product (Liquid Death) is not visible.

━━━━━━━━━━━━━━━━━━━━━━━━━━━━━━━━━━━━━━━━━━━━━━━━━━━━━━━━━━━━━━━━━━━━━━━━━━━━━━
▶ 18:19:41 POST /verify  id=8055327e
  routine: brush-teeth
  sponsor: Colgate
  location: (none)
  payload: 11.99 MB base64, read in 5964ms
  video:   8.99 MB decoded (9,426,871 bytes)
  Calling Nova 2 Lite (us.amazon.nova-2-lite-v1:0)...
  Encode: input  1920x1080 · 29.9fps · 4.2s · h264 · 17907kbps (8.99 MB)
  Encode: output 270x480 · 15.0fps · 4.2s · h264 · 831kbps (426.5 KB, 4.6% of input) in 170ms

  ── Nova raw response ──
  stopReason:  end_turn
  tokens:      in=2019  out=92  total=2111
  bedrock latencyMs: 2414
  judgment (parsed from Nova output):
    {
      "verified": false,
      "confidence": 0.1,
      "product_visible": false,
      "product_in_use": false,
      "routine_completed": false,
      "appears_genuine": false,
      "reason": "The video shows a laptop screen with code, not a person brushing teeth or any Colgate product.",
      "short_reason": "no person or product visible"
    }

  ── Policy ──
  sponsored:   True   confidence: 0.10   verified(model): False
  × Confidence 0.10 below 0.70
  × Sponsor product not visible
  × Product not actively used
  × Routine not completed
  × Capture does not appear genuine

  ── Timing breakdown ──
  encode:          235 ms
  bedrock:        3522 ms
  read+parse:     5964 ms
  other:            17 ms
  total:          9738 ms

  ✗ NOT VERIFIED — no person or product visible (confidence 0.10)
  model reason: The video shows a laptop screen with code, not a person brushing teeth or any Colgate product.

Rhythm Verification Server
  Model:    us.amazon.nova-2-lite-v1:0
  Region:   us-east-1
  Port:     3001
  Encode:   15fps @ 480px long-edge, preset=ultrafast, crf=30, max 30s
  ffmpeg:   ffmpeg version 8.0.1 Copyright (c) 2000-2025 the FFmpeg developers
  Log file: /Users/martinliu/Downloads/rhythm/Rhythm/backend/server.log

  Nova 2 Lite: connected

  Listening on http://0.0.0.0:3001/verify
  Tail logs with: tail -f /Users/martinliu/Downloads/rhythm/Rhythm/backend/server.log


━━━━━━━━━━━━━━━━━━━━━━━━━━━━━━━━━━━━━━━━━━━━━━━━━━━━━━━━━━━━━━━━━━━━━━━━━━━━━━
▶ 08:00:07 POST /verify  id=e6526875
  routine: drink-water-glass
  sponsor: none (unsponsored)
  wallet:  6Ee9n8tTAX...vMxfCp
  location: 25.8438,-80.1212
  payload: 35.24 MB base64, read in 32941ms
  video:   26.43 MB decoded (27,717,175 bytes)
  Calling Nova 2 Lite (us.amazon.nova-2-lite-v1:0)...
  Encode: input  1920x1080 · 30.0fps · 10.9s · h264 · 20325kbps (26.43 MB)
  Encode: output 270x480 · 15.0fps · 10.9s · h264 · 213kbps (285.5 KB, 1.1% of input) in 562ms

  ── Nova raw response ──
  stopReason:  end_turn
  tokens:      in=2185  out=82  total=2267
  bedrock latencyMs: 1083
  judgment (parsed from Nova output):
    {
      "verified": true,
      "confidence": 0.9,
      "product_visible": true,
      "product_in_use": true,
      "routine_completed": true,
      "appears_genuine": true,
      "reason": "The person is seen holding a glass of water and drinking it.",
      "short_reason": "routine verified"
    }

  ── Policy ──
  sponsored:   False   confidence: 0.90   verified(model): True
  ✓ all policy checks passed

  ── Timing breakdown ──
  encode:          658 ms
  bedrock:        1420 ms
  read+parse:    32941 ms
  other:            75 ms
  total:         35094 ms

  ✓ VERIFIED — routine verified (confidence 0.90)
  x402 payment_id: x402_3f2ed27854473fd2_1778155242

━━━━━━━━━━━━━━━━━━━━━━━━━━━━━━━━━━━━━━━━━━━━━━━━━━━━━━━━━━━━━━━━━━━━━━━━━━━━━━
▶ 08:10:34 POST /verify  id=02150073
  routine: drink-water-glass
  sponsor: none (unsponsored)
  wallet:  6Ee9n8tTAX...vMxfCp
  location: 25.8438,-80.1212
  payload: 11.61 MB base64, read in 6841ms
  video:   8.71 MB decoded (9,132,113 bytes)
  Calling Nova 2 Lite (us.amazon.nova-2-lite-v1:0)...
  Encode: input  1920x1080 · 30.0fps · 3.6s · h264 · 20285kbps (8.71 MB)
  Encode: output 270x480 · 15.0fps · 3.6s · h264 · 293kbps (129.0 KB, 1.4% of input) in 361ms

  ── Nova raw response ──
  stopReason:  end_turn
  tokens:      in=2017  out=81  total=2098
  bedrock latencyMs: 3251
  judgment (parsed from Nova output):
    {
      "verified": true,
      "confidence": 0.9,
      "product_visible": true,
      "product_in_use": true,
      "routine_completed": true,
      "appears_genuine": true,
      "reason": "The person is clearly drinking from a glass in the video.",
      "short_reason": "routine verified"
    }

  ── Policy ──
  sponsored:   False   confidence: 0.90   verified(model): True
  ✓ all policy checks passed

  ── Timing breakdown ──
  encode:          456 ms
  bedrock:        3398 ms
  read+parse:     6841 ms
  other:            26 ms
  total:         10721 ms

  ✓ VERIFIED — routine verified (confidence 0.90)
  x402 payment_id: x402_b153bc7752b6175a_1778155844

Shutting down...

Rhythm Verification Server
  Model:    us.amazon.nova-2-lite-v1:0
  Region:   us-east-1
  Port:     3001
  Encode:   15fps @ 480px long-edge, preset=ultrafast, crf=30, max 30s
  ffmpeg:   ffmpeg version 8.0.1 Copyright (c) 2000-2025 the FFmpeg developers
  Log file: /Users/martinliu/Downloads/rhythm/Rhythm/backend/server.log

  Nova 2 Lite: connected

  Listening on http://0.0.0.0:3001/verify
  Tail logs with: tail -f /Users/martinliu/Downloads/rhythm/Rhythm/backend/server.log


━━━━━━━━━━━━━━━━━━━━━━━━━━━━━━━━━━━━━━━━━━━━━━━━━━━━━━━━━━━━━━━━━━━━━━━━━━━━━━
▶ 08:22:54 POST /verify  id=46f73fba
  routine: drink-water-bottle
  sponsor: none (unsponsored)
  wallet:  6Ee9n8tTAX...vMxfCp
  location: 25.8438,-80.1212
  payload: 12.27 MB base64, read in 6965ms
  video:   9.20 MB decoded (9,651,082 bytes)
  Calling Nova 2 Lite (us.amazon.nova-2-lite-v1:0)...
  Encode: input  1920x1080 · 30.0fps · 3.8s · h264 · 20118kbps (9.20 MB)
  Encode: output 270x480 · 15.0fps · 3.9s · h264 · 304kbps (143.7 KB, 1.5% of input) in 270ms

  ── Nova raw response ──
  stopReason:  end_turn
  tokens:      in=1927  out=88  total=2015
  bedrock latencyMs: 2114
  judgment (parsed from Nova output):
    {
      "verified": true,
      "confidence": 0.9,
      "product_visible": true,
      "product_in_use": true,
      "routine_completed": true,
      "appears_genuine": true,
      "reason": "The person is seen drinking from a clear glass, which aligns with the routine of drinking water.",
      "short_reason": "routine verified"
    }

  ── Policy ──
  sponsored:   False   confidence: 0.90   verified(model): True
  ✓ all policy checks passed

  ── Timing breakdown ──
  encode:          349 ms
  bedrock:        2264 ms
  read+parse:     6965 ms
  other:            28 ms
  total:          9606 ms

  ✓ VERIFIED — routine verified (confidence 0.90)
  x402 payment_id: x402_e0a938f4c83ddf76_1778156584

Shutting down...

Rhythm Verification Server
  Model:    us.amazon.nova-2-lite-v1:0
  Region:   us-east-1
  Port:     3001
  Encode:   15fps @ 480px long-edge, preset=ultrafast, crf=30, max 30s
  ffmpeg:   ffmpeg version 8.0.1 Copyright (c) 2000-2025 the FFmpeg developers
  Log file: /Users/martinliu/Downloads/rhythm/Rhythm/backend/server.log

  Nova 2 Lite: connected

  Listening on http://0.0.0.0:3001/verify
  Tail logs with: tail -f /Users/martinliu/Downloads/rhythm/Rhythm/backend/server.log


━━━━━━━━━━━━━━━━━━━━━━━━━━━━━━━━━━━━━━━━━━━━━━━━━━━━━━━━━━━━━━━━━━━━━━━━━━━━━━
▶ 11:11:07 POST /verify  id=534cc19f
  routine: hydrate
  sponsor: Liquid Death
  wallet:  6Ee9n8tTAX...vMxfCp
  location: 25.7944,-80.1335
  payload: 28.84 MB base64, read in 6290ms
  video:   21.63 MB decoded (22,682,784 bytes)
  Calling Nova 2 Lite (us.amazon.nova-2-lite-v1:0)...
  Encode: input  1920x1080 · 30.0fps · 8.9s · h264 · 20304kbps (21.63 MB)
  Encode: output 270x480 · 15.0fps · 8.9s · h264 · 467kbps (510.3 KB, 2.3% of input) in 513ms

  ── Nova raw response ──
  stopReason:  end_turn
  tokens:      in=1931  out=87  total=2018
  bedrock latencyMs: 1747
  judgment (parsed from Nova output):
    {
      "verified": false,
      "confidence": 0.1,
      "product_visible": false,
      "product_in_use": false,
      "routine_completed": false,
      "appears_genuine": true,
      "reason": "The video does not show any Liquid Death product or any hydration activity.",
      "short_reason": "no product or hydration activity visible"
    }

  ── Policy ──
  sponsored:   True   confidence: 0.10   verified(model): False
  × Confidence 0.10 below 0.70
  × Sponsor product not visible
  × Product not actively used
  × Routine not completed

  ── Timing breakdown ──
  encode:          606 ms
  bedrock:        2226 ms
  read+parse:     6290 ms
  other:            64 ms
  total:          9186 ms

  ✗ NOT VERIFIED — no product or hydration activity visible (confidence 0.10)
  model reason: The video does not show any Liquid Death product or any hydration activity.

━━━━━━━━━━━━━━━━━━━━━━━━━━━━━━━━━━━━━━━━━━━━━━━━━━━━━━━━━━━━━━━━━━━━━━━━━━━━━━
▶ 11:15:35 POST /verify  id=a9745b9e
  routine: hydrate
  sponsor: Liquid Death
  wallet:  6Ee9n8tTAX...vMxfCp
  location: 25.7944,-80.1335
  payload: 13.24 MB base64, read in 2832ms
  video:   9.93 MB decoded (10,409,488 bytes)
  Calling Nova 2 Lite (us.amazon.nova-2-lite-v1:0)...
  Encode: input  1920x1080 · 30.0fps · 4.1s · h264 · 20469kbps (9.93 MB)
  Encode: output 270x480 · 15.0fps · 4.1s · h264 · 468kbps (232.6 KB, 2.3% of input) in 259ms

  ── Nova raw response ──
  stopReason:  end_turn
  tokens:      in=1931  out=95  total=2026
  bedrock latencyMs: 1124
  judgment (parsed from Nova output):
    {
      "verified": false,
      "confidence": 0.4,
      "product_visible": false,
      "product_in_use": false,
      "routine_completed": false,
      "appears_genuine": true,
      "reason": "The product is not clearly visible and the label is not readable, making it impossible to confirm if it is Liquid Death.",
      "short_reason": "product label not readable"
    }

  ── Policy ──
  sponsored:   True   confidence: 0.40   verified(model): False
  × Confidence 0.40 below 0.70
  × Sponsor product not visible
  × Product not actively used
  × Routine not completed

  ── Timing breakdown ──
  encode:          339 ms
  bedrock:        1333 ms
  read+parse:     2832 ms
  other:            32 ms
  total:          4536 ms

  ✗ NOT VERIFIED — product label not readable (confidence 0.40)
  model reason: The product is not clearly visible and the label is not readable, making it impossible to confirm if it is Liquid Death.

━━━━━━━━━━━━━━━━━━━━━━━━━━━━━━━━━━━━━━━━━━━━━━━━━━━━━━━━━━━━━━━━━━━━━━━━━━━━━━
▶ 11:19:22 POST /verify  id=58cdc63b
  routine: hydrate
  sponsor: Liquid Death
  wallet:  6Ee9n8tTAX...vMxfCp
  location: 25.7944,-80.1335
  payload: 14.13 MB base64, read in 3029ms
  video:   10.60 MB decoded (11,111,427 bytes)
  Calling Nova 2 Lite (us.amazon.nova-2-lite-v1:0)...
  Encode: input  1920x1080 · 30.0fps · 4.4s · h264 · 20336kbps (10.60 MB)
  Encode: output 270x480 · 15.0fps · 4.4s · h264 · 420kbps (226.1 KB, 2.1% of input) in 278ms

  ── Nova raw response ──
  stopReason:  end_turn
  tokens:      in=1931  out=84  total=2015
  bedrock latencyMs: 1037
  judgment (parsed from Nova output):
    {
      "verified": false,
      "confidence": 0.1,
      "product_visible": false,
      "product_in_use": false,
      "routine_completed": false,
      "appears_genuine": true,
      "reason": "The video does not show any hydration activity or Liquid Death product.",
      "short_reason": "no hydration activity shown"
    }

  ── Policy ──
  sponsored:   True   confidence: 0.10   verified(model): False
  × Confidence 0.10 below 0.70
  × Sponsor product not visible
  × Product not actively used
  × Routine not completed

  ── Timing breakdown ──
  encode:          372 ms
  bedrock:        1293 ms
  read+parse:     3029 ms
  other:            32 ms
  total:          4726 ms

  ✗ NOT VERIFIED — no hydration activity shown (confidence 0.10)
  model reason: The video does not show any hydration activity or Liquid Death product.
